usage: qsiprep [-h] [--version] [--skip_bids_validation]
               [--participant_label PARTICIPANT_LABEL [PARTICIPANT_LABEL ...]]
               [--acquisition_type ACQUISITION_TYPE]
               [--bids-database-dir BIDS_DATABASE_DIR]
               [--bids-filter-file FILE] [--interactive-reports-only]
               [--recon-only] [--recon-spec RECON_SPEC]
               [--recon-input RECON_INPUT] [--nthreads NTHREADS]
               [--omp-nthreads OMP_NTHREADS] [--mem_mb MEM_MB] [--low-mem]
               [--use-plugin USE_PLUGIN] [--anat-only] [--dwi-only] [--infant]
               [--boilerplate] [-v]
               [--ignore {fieldmaps,sbref} [{fieldmaps,sbref} ...]]
               [--longitudinal] [--b0-threshold B0_THRESHOLD]
               [--dwi_denoise_window DWI_DENOISE_WINDOW]
               [--denoise-method {dwidenoise,patch2self,none}]
               [--unringing-method {none,mrdegibbs}] [--dwi-no-biascorr]
               [--no-b0-harmonization] [--denoise-after-combining]
               [--separate_all_dwis]
               [--distortion-group-merge {concat,average,none}]
               [--write-local-bvecs]
               [--output-space {T1w,template} [{T1w,template} ...]]
               [--template {MNI152NLin2009cAsym}] --output-resolution
               OUTPUT_RESOLUTION [--b0-to-t1w-transform {Rigid,Affine}]
               [--intramodal-template-iters INTRAMODAL_TEMPLATE_ITERS]
               [--intramodal-template-transform {Rigid,Affine,BSplineSyN,SyN}]
               [--b0-motion-corr-to {iterative,first}]
               [--hmc-transform {Affine,Rigid}]
               [--hmc_model {none,3dSHORE,eddy}] [--eddy-config EDDY_CONFIG]
               [--shoreline_iters SHORELINE_ITERS]
               [--impute-slice-threshold IMPUTE_SLICE_THRESHOLD]
               [--skull-strip-template {OASIS,NKI}] [--skull-strip-fixed-seed]
               [--skip-t1-based-spatial-normalization]
               [--fs-license-file PATH] [--do-reconall]
               [--prefer_dedicated_fmaps] [--fmap-bspline] [--fmap-no-demean]
               [--use-syn-sdc] [--force-syn] [-w WORK_DIR]
               [--resource-monitor] [--reports-only] [--run-uuid RUN_UUID]
               [--write-graph] [--stop-on-first-crash] [--notrack] [--sloppy]
               bids_dir output_dir {participant}
qsiprep: error: argument --omp-nthreads/--omp_nthreads: invalid int value: '4--infant'
