ASSUME THAT PREPROC_LATER AND STUFF => 이미 옮겼다고 가정!
'파일유무' didn't exist, so removing based on Unnamed: 0 instead
year 2010 finished
year 2011 finished
year 2012 finished
year 2013 finished
year 2014 finished
year 2015 finished
year 2016 finished
year 2017 finished
year 2018 finished
year 2019 finished
year 2020 finished
year 2021 finished
weird subject :  2016-C0580
weird subject :  2016-C0557
weird subject :  2016-C0687
weird subject :  2017-C0471
weird subject :  2017-C0465
weird subject :  2016-C0533
weird subject :  2016-C0651
weird subject :  2017-C0533
weird subject :  2017-C0415
weird subject :  2016-C0570
weird subject :  2018-C0301
weird subject :  2017-C0390
weird subject :  2017-C0450
weird subject :  2018-C1263
weird subject :  2017-C0439
weird subject :  2019-C0250
weird subject :  2016-C0712
weird subject :  2020-C0083
weird subject :  2016-C0598
weird subject :  2016-C0554
weird subject :  2016-C0631
weird subject :  2020-C0113
weird subject :  2017-C0503
weird subject :  2017-C0474
weird subject :  2016-C0686
weird subject :  2016-C0722
weird subject :  2017-C0451
weird subject :  2017-C0463
weird subject :  2016-C0540
weird subject :  2016-C0621
weird subject :  2016-C0532
weird subject :  2016-C0938
weird subject :  2017-C0456
weird subject :  2018-C0291
weird subject :  2017-C0457
weird subject :  2016-C0668
weird subject :  2017-C0485
weird subject :  2017-C0528
weird subject :  2017-C0418
weird subject :  2016-C0683
weird subject :  2016-C0699
weird subject :  2019-C0238
weird subject :  2016-C0646
weird subject :  2017-C0454
weird subject :  2017-C0411
weird subject :  2017-C0470
weird subject :  2019-C0158
weird subject :  2016-C0543
weird subject :  2016-C0700
weird subject :  2017-C0522
weird subject :  2018-C0283
weird subject :  2016-C0539
weird subject :  2018-C0281
weird subject :  2020-C0123
weird subject :  2017-C0447
weird subject :  2017-C0466
weird subject :  2016-C0716
weird subject :  2016-C0693
weird subject :  2016-C0548
weird subject :  2016-C0678
missing files
[0, 0, 0, 0, 0, 0]
[]
